mode: set
feedback_hub_2/internal/organization/domain/organization.go:38.102,39.43 1 1
feedback_hub_2/internal/organization/domain/organization.go:39.43,41.3 1 1
feedback_hub_2/internal/organization/domain/organization.go:43.2,43.43 1 1
feedback_hub_2/internal/organization/domain/organization.go:43.43,45.3 1 1
feedback_hub_2/internal/organization/domain/organization.go:48.2,48.21 1 1
feedback_hub_2/internal/organization/domain/organization.go:48.21,50.3 1 1
feedback_hub_2/internal/organization/domain/organization.go:52.2,63.17 3 1
feedback_hub_2/internal/organization/domain/organization.go:69.122,70.20 1 1
feedback_hub_2/internal/organization/domain/organization.go:70.20,72.3 1 0
feedback_hub_2/internal/organization/domain/organization.go:74.2,74.43 1 1
feedback_hub_2/internal/organization/domain/organization.go:74.43,76.3 1 0
feedback_hub_2/internal/organization/domain/organization.go:78.2,78.43 1 1
feedback_hub_2/internal/organization/domain/organization.go:78.43,80.3 1 0
feedback_hub_2/internal/organization/domain/organization.go:83.2,83.21 1 1
feedback_hub_2/internal/organization/domain/organization.go:83.21,85.3 1 0
feedback_hub_2/internal/organization/domain/organization.go:87.2,98.17 3 1
feedback_hub_2/internal/organization/domain/organization.go:104.94,105.43 1 1
feedback_hub_2/internal/organization/domain/organization.go:105.43,107.3 1 1
feedback_hub_2/internal/organization/domain/organization.go:109.2,109.43 1 1
feedback_hub_2/internal/organization/domain/organization.go:109.43,111.3 1 0
feedback_hub_2/internal/organization/domain/organization.go:113.2,119.12 6 1
feedback_hub_2/internal/organization/domain/organization.go:125.41,126.22 1 1
feedback_hub_2/internal/organization/domain/organization.go:126.22,128.3 1 1
feedback_hub_2/internal/organization/domain/organization.go:130.2,130.45 1 1
feedback_hub_2/internal/organization/domain/organization.go:130.45,132.3 1 1
feedback_hub_2/internal/organization/domain/organization.go:134.2,134.45 1 1
feedback_hub_2/internal/organization/domain/organization.go:134.45,136.3 1 1
feedback_hub_2/internal/organization/domain/organization.go:138.2,138.26 1 1
feedback_hub_2/internal/organization/domain/organization.go:138.26,140.3 1 1
feedback_hub_2/internal/organization/domain/organization.go:142.2,142.26 1 1
feedback_hub_2/internal/organization/domain/organization.go:142.26,144.3 1 1
feedback_hub_2/internal/organization/domain/organization.go:146.2,146.12 1 1
feedback_hub_2/internal/organization/domain/organization.go:152.40,153.52 1 1
feedback_hub_2/internal/organization/domain/organization.go:153.52,154.42 1 1
feedback_hub_2/internal/organization/domain/organization.go:154.42,156.4 1 1
feedback_hub_2/internal/organization/domain/organization.go:158.2,158.13 1 1
feedback_hub_2/internal/organization/domain/organization.go:164.59,167.2 2 1
feedback_hub_2/internal/organization/domain/organization.go:172.58,173.23 1 1
feedback_hub_2/internal/organization/domain/organization.go:173.23,175.3 1 0
feedback_hub_2/internal/organization/domain/organization.go:176.2,177.26 2 1
feedback_hub_2/internal/organization/domain/organization.go:183.50,184.23 1 1
feedback_hub_2/internal/organization/domain/organization.go:184.23,187.3 2 1
feedback_hub_2/internal/organization/domain/organization.go:193.46,196.31 2 1
feedback_hub_2/internal/organization/domain/organization.go:196.31,198.3 1 1
feedback_hub_2/internal/organization/domain/organization.go:200.2,209.3 2 1
feedback_hub_2/internal/organization/domain/organization.go:215.38,216.35 1 1
feedback_hub_2/internal/organization/domain/organization.go:216.35,218.3 1 1
feedback_hub_2/internal/organization/domain/organization.go:220.2,220.31 1 1
feedback_hub_2/internal/organization/domain/organization.go:220.31,222.3 1 1
feedback_hub_2/internal/organization/domain/organization.go:224.2,224.12 1 1
feedback_hub_2/internal/organization/domain/organization.go:230.38,231.35 1 1
feedback_hub_2/internal/organization/domain/organization.go:231.35,233.3 1 1
feedback_hub_2/internal/organization/domain/organization.go:235.2,235.31 1 1
feedback_hub_2/internal/organization/domain/organization.go:235.31,237.3 1 1
feedback_hub_2/internal/organization/domain/organization.go:239.2,239.34 1 1
feedback_hub_2/internal/organization/domain/organization.go:239.34,241.3 1 1
feedback_hub_2/internal/organization/domain/organization.go:243.2,243.66 1 1
feedback_hub_2/internal/organization/domain/organization.go:243.66,245.3 1 0
feedback_hub_2/internal/organization/domain/organization.go:247.2,247.34 1 1
feedback_hub_2/internal/organization/domain/organization.go:247.34,249.3 1 0
feedback_hub_2/internal/organization/domain/organization.go:251.2,251.12 1 1
feedback_hub_2/internal/organization/domain/organization.go:257.39,258.16 1 1
feedback_hub_2/internal/organization/domain/organization.go:258.16,260.3 1 1
feedback_hub_2/internal/organization/domain/organization.go:263.2,277.13 6 1
